<?xml version="1.0" encoding="UTF-8"?>
<testsuite xmlns:xsi="http://www.w3.org/2001/XMLSchema-instance" xsi:noNamespaceSchemaLocation="https://maven.apache.org/surefire/maven-surefire-plugin/xsd/surefire-test-report.xsd" name="com.iotdreamclub.demo.DemoApplicationTests" time="14.319" tests="1" errors="0" skipped="0" failures="0">
  <properties>
    <property name="sun.desktop" value="windows"/>
    <property name="awt.toolkit" value="sun.awt.windows.WToolkit"/>
    <property name="java.specification.version" value="12"/>
    <property name="sun.cpu.isalist" value="amd64"/>
    <property name="sun.jnu.encoding" value="GBK"/>
    <property name="java.class.path" value="E:\大三Java\LabManagementSystem\target\test-classes;E:\大三Java\LabManagementSystem\target\classes;C:\Users\26491\.m2\repository\commons-fileupload\commons-fileupload\1.3.1\commons-fileupload-1.3.1.jar;C:\Users\26491\.m2\repository\commons-io\commons-io\2.4\commons-io-2.4.jar;C:\Users\26491\.m2\repository\commons-net\commons-net\3.3\commons-net-3.3.jar;C:\Users\26491\.m2\repository\com\github\pagehelper\pagehelper-spring-boot-starter\1.2.5\pagehelper-spring-boot-starter-1.2.5.jar;C:\Users\26491\.m2\repository\org\springframework\boot\spring-boot-starter\2.3.3.RELEASE\spring-boot-starter-2.3.3.RELEASE.jar;C:\Users\26491\.m2\repository\org\springframework\boot\spring-boot\2.3.3.RELEASE\spring-boot-2.3.3.RELEASE.jar;C:\Users\26491\.m2\repository\org\springframework\boot\spring-boot-starter-logging\2.3.3.RELEASE\spring-boot-starter-logging-2.3.3.RELEASE.jar;C:\Users\26491\.m2\repository\ch\qos\logback\logback-classic\1.2.3\logback-classic-1.2.3.jar;C:\Users\26491\.m2\repository\ch\qos\logback\logback-core\1.2.3\logback-core-1.2.3.jar;C:\Users\26491\.m2\repository\org\apache\logging\log4j\log4j-to-slf4j\2.13.3\log4j-to-slf4j-2.13.3.jar;C:\Users\26491\.m2\repository\org\slf4j\jul-to-slf4j\1.7.30\jul-to-slf4j-1.7.30.jar;C:\Users\26491\.m2\repository\jakarta\annotation\jakarta.annotation-api\1.3.5\jakarta.annotation-api-1.3.5.jar;C:\Users\26491\.m2\repository\org\yaml\snakeyaml\1.26\snakeyaml-1.26.jar;C:\Users\26491\.m2\repository\com\github\pagehelper\pagehelper-spring-boot-autoconfigure\1.2.5\pagehelper-spring-boot-autoconfigure-1.2.5.jar;C:\Users\26491\.m2\repository\com\github\pagehelper\pagehelper\5.1.4\pagehelper-5.1.4.jar;C:\Users\26491\.m2\repository\com\github\jsqlparser\jsqlparser\1.0\jsqlparser-1.0.jar;C:\Users\26491\.m2\repository\org\springframework\boot\spring-boot-starter-mail\2.3.3.RELEASE\spring-boot-starter-mail-2.3.3.RELEASE.jar;C:\Users\26491\.m2\repository\org\springframework\spring-context-support\5.2.8.RELEASE\spring-context-support-5.2.8.RELEASE.jar;C:\Users\26491\.m2\repository\org\springframework\spring-beans\5.2.8.RELEASE\spring-beans-5.2.8.RELEASE.jar;C:\Users\26491\.m2\repository\org\springframework\spring-context\5.2.8.RELEASE\spring-context-5.2.8.RELEASE.jar;C:\Users\26491\.m2\repository\com\sun\mail\jakarta.mail\1.6.5\jakarta.mail-1.6.5.jar;C:\Users\26491\.m2\repository\com\sun\activation\jakarta.activation\1.2.2\jakarta.activation-1.2.2.jar;C:\Users\26491\.m2\repository\org\apache\logging\log4j\log4j-core\2.13.3\log4j-core-2.13.3.jar;C:\Users\26491\.m2\repository\org\apache\logging\log4j\log4j-api\2.13.3\log4j-api-2.13.3.jar;C:\Users\26491\.m2\repository\net\ipip\ipdb\1.1.3\ipdb-1.1.3.jar;C:\Users\26491\.m2\repository\com\alibaba\fastjson\1.2.60\fastjson-1.2.60.jar;C:\Users\26491\.m2\repository\org\projectlombok\lombok\1.18.12\lombok-1.18.12.jar;C:\Users\26491\.m2\repository\org\apache\shiro\shiro-web\1.5.2\shiro-web-1.5.2.jar;C:\Users\26491\.m2\repository\org\owasp\encoder\encoder\1.2.2\encoder-1.2.2.jar;C:\Users\26491\.m2\repository\org\apache\shiro\shiro-spring\1.5.2\shiro-spring-1.5.2.jar;C:\Users\26491\.m2\repository\org\apache\shiro\shiro-ehcache\1.5.2\shiro-ehcache-1.5.2.jar;C:\Users\26491\.m2\repository\org\apache\shiro\shiro-cache\1.5.2\shiro-cache-1.5.2.jar;C:\Users\26491\.m2\repository\net\sf\ehcache\ehcache-core\2.6.11\ehcache-core-2.6.11.jar;C:\Users\26491\.m2\repository\org\slf4j\slf4j-api\1.7.30\slf4j-api-1.7.30.jar;C:\Users\26491\.m2\repository\org\apache\shiro\shiro-core\1.5.2\shiro-core-1.5.2.jar;C:\Users\26491\.m2\repository\org\apache\shiro\shiro-lang\1.5.2\shiro-lang-1.5.2.jar;C:\Users\26491\.m2\repository\org\apache\shiro\shiro-crypto-hash\1.5.2\shiro-crypto-hash-1.5.2.jar;C:\Users\26491\.m2\repository\org\apache\shiro\shiro-crypto-core\1.5.2\shiro-crypto-core-1.5.2.jar;C:\Users\26491\.m2\repository\org\apache\shiro\shiro-crypto-cipher\1.5.2\shiro-crypto-cipher-1.5.2.jar;C:\Users\26491\.m2\repository\org\apache\shiro\shiro-config-core\1.5.2\shiro-config-core-1.5.2.jar;C:\Users\26491\.m2\repository\org\apache\shiro\shiro-config-ogdl\1.5.2\shiro-config-ogdl-1.5.2.jar;C:\Users\26491\.m2\repository\commons-beanutils\commons-beanutils\1.9.4\commons-beanutils-1.9.4.jar;C:\Users\26491\.m2\repository\commons-collections\commons-collections\3.2.2\commons-collections-3.2.2.jar;C:\Users\26491\.m2\repository\org\apache\shiro\shiro-event\1.5.2\shiro-event-1.5.2.jar;C:\Users\26491\.m2\repository\org\springframework\boot\spring-boot-starter-thymeleaf\2.3.3.RELEASE\spring-boot-starter-thymeleaf-2.3.3.RELEASE.jar;C:\Users\26491\.m2\repository\org\thymeleaf\thymeleaf-spring5\3.0.11.RELEASE\thymeleaf-spring5-3.0.11.RELEASE.jar;C:\Users\26491\.m2\repository\org\thymeleaf\thymeleaf\3.0.11.RELEASE\thymeleaf-3.0.11.RELEASE.jar;C:\Users\26491\.m2\repository\org\attoparser\attoparser\2.0.5.RELEASE\attoparser-2.0.5.RELEASE.jar;C:\Users\26491\.m2\repository\org\unbescape\unbescape\1.1.6.RELEASE\unbescape-1.1.6.RELEASE.jar;C:\Users\26491\.m2\repository\org\thymeleaf\extras\thymeleaf-extras-java8time\3.0.4.RELEASE\thymeleaf-extras-java8time-3.0.4.RELEASE.jar;C:\Users\26491\.m2\repository\org\springframework\boot\spring-boot-starter-web\2.3.3.RELEASE\spring-boot-starter-web-2.3.3.RELEASE.jar;C:\Users\26491\.m2\repository\org\springframework\boot\spring-boot-starter-json\2.3.3.RELEASE\spring-boot-starter-json-2.3.3.RELEASE.jar;C:\Users\26491\.m2\repository\com\fasterxml\jackson\core\jackson-databind\2.11.2\jackson-databind-2.11.2.jar;C:\Users\26491\.m2\repository\com\fasterxml\jackson\core\jackson-annotations\2.11.2\jackson-annotations-2.11.2.jar;C:\Users\26491\.m2\repository\com\fasterxml\jackson\core\jackson-core\2.11.2\jackson-core-2.11.2.jar;C:\Users\26491\.m2\repository\com\fasterxml\jackson\datatype\jackson-datatype-jdk8\2.11.2\jackson-datatype-jdk8-2.11.2.jar;C:\Users\26491\.m2\repository\com\fasterxml\jackson\datatype\jackson-datatype-jsr310\2.11.2\jackson-datatype-jsr310-2.11.2.jar;C:\Users\26491\.m2\repository\com\fasterxml\jackson\module\jackson-module-parameter-names\2.11.2\jackson-module-parameter-names-2.11.2.jar;C:\Users\26491\.m2\repository\org\springframework\boot\spring-boot-starter-tomcat\2.3.3.RELEASE\spring-boot-starter-tomcat-2.3.3.RELEASE.jar;C:\Users\26491\.m2\repository\org\apache\tomcat\embed\tomcat-embed-core\9.0.37\tomcat-embed-core-9.0.37.jar;C:\Users\26491\.m2\repository\org\glassfish\jakarta.el\3.0.3\jakarta.el-3.0.3.jar;C:\Users\26491\.m2\repository\org\apache\tomcat\embed\tomcat-embed-websocket\9.0.37\tomcat-embed-websocket-9.0.37.jar;C:\Users\26491\.m2\repository\org\springframework\spring-web\5.2.8.RELEASE\spring-web-5.2.8.RELEASE.jar;C:\Users\26491\.m2\repository\org\springframework\spring-webmvc\5.2.8.RELEASE\spring-webmvc-5.2.8.RELEASE.jar;C:\Users\26491\.m2\repository\org\springframework\spring-aop\5.2.8.RELEASE\spring-aop-5.2.8.RELEASE.jar;C:\Users\26491\.m2\repository\org\springframework\spring-expression\5.2.8.RELEASE\spring-expression-5.2.8.RELEASE.jar;C:\Users\26491\.m2\repository\org\springframework\boot\spring-boot-starter-web-services\2.3.3.RELEASE\spring-boot-starter-web-services-2.3.3.RELEASE.jar;C:\Users\26491\.m2\repository\com\sun\xml\messaging\saaj\saaj-impl\1.5.2\saaj-impl-1.5.2.jar;C:\Users\26491\.m2\repository\jakarta\xml\soap\jakarta.xml.soap-api\1.4.2\jakarta.xml.soap-api-1.4.2.jar;C:\Users\26491\.m2\repository\org\jvnet\staxex\stax-ex\1.8.3\stax-ex-1.8.3.jar;C:\Users\26491\.m2\repository\jakarta\xml\ws\jakarta.xml.ws-api\2.3.3\jakarta.xml.ws-api-2.3.3.jar;C:\Users\26491\.m2\repository\jakarta\jws\jakarta.jws-api\2.1.0\jakarta.jws-api-2.1.0.jar;C:\Users\26491\.m2\repository\org\springframework\spring-oxm\5.2.8.RELEASE\spring-oxm-5.2.8.RELEASE.jar;C:\Users\26491\.m2\repository\org\springframework\ws\spring-ws-core\3.0.9.RELEASE\spring-ws-core-3.0.9.RELEASE.jar;C:\Users\26491\.m2\repository\org\springframework\ws\spring-xml\3.0.9.RELEASE\spring-xml-3.0.9.RELEASE.jar;C:\Users\26491\.m2\repository\com\baomidou\mybatis-plus-boot-starter\3.3.1.tmp\mybatis-plus-boot-starter-3.3.1.tmp.jar;C:\Users\26491\.m2\repository\com\baomidou\mybatis-plus\3.3.1.tmp\mybatis-plus-3.3.1.tmp.jar;C:\Users\26491\.m2\repository\com\baomidou\mybatis-plus-extension\3.3.1.tmp\mybatis-plus-extension-3.3.1.tmp.jar;C:\Users\26491\.m2\repository\com\baomidou\mybatis-plus-core\3.3.1.tmp\mybatis-plus-core-3.3.1.tmp.jar;C:\Users\26491\.m2\repository\com\baomidou\mybatis-plus-annotation\3.3.1.tmp\mybatis-plus-annotation-3.3.1.tmp.jar;C:\Users\26491\.m2\repository\org\springframework\boot\spring-boot-autoconfigure\2.3.3.RELEASE\spring-boot-autoconfigure-2.3.3.RELEASE.jar;C:\Users\26491\.m2\repository\org\springframework\boot\spring-boot-starter-jdbc\2.3.3.RELEASE\spring-boot-starter-jdbc-2.3.3.RELEASE.jar;C:\Users\26491\.m2\repository\com\zaxxer\HikariCP\3.4.5\HikariCP-3.4.5.jar;C:\Users\26491\.m2\repository\org\springframework\spring-jdbc\5.2.8.RELEASE\spring-jdbc-5.2.8.RELEASE.jar;C:\Users\26491\.m2\repository\org\springframework\spring-tx\5.2.8.RELEASE\spring-tx-5.2.8.RELEASE.jar;C:\Users\26491\.m2\repository\org\mybatis\spring\boot\mybatis-spring-boot-starter\2.1.3\mybatis-spring-boot-starter-2.1.3.jar;C:\Users\26491\.m2\repository\org\mybatis\spring\boot\mybatis-spring-boot-autoconfigure\2.1.3\mybatis-spring-boot-autoconfigure-2.1.3.jar;C:\Users\26491\.m2\repository\org\mybatis\mybatis\3.5.5\mybatis-3.5.5.jar;C:\Users\26491\.m2\repository\org\mybatis\mybatis-spring\2.0.5\mybatis-spring-2.0.5.jar;C:\Users\26491\.m2\repository\mysql\mysql-connector-java\8.0.21\mysql-connector-java-8.0.21.jar;C:\Users\26491\.m2\repository\org\springframework\boot\spring-boot-starter-test\2.3.3.RELEASE\spring-boot-starter-test-2.3.3.RELEASE.jar;C:\Users\26491\.m2\repository\org\springframework\boot\spring-boot-test\2.3.3.RELEASE\spring-boot-test-2.3.3.RELEASE.jar;C:\Users\26491\.m2\repository\org\springframework\boot\spring-boot-test-autoconfigure\2.3.3.RELEASE\spring-boot-test-autoconfigure-2.3.3.RELEASE.jar;C:\Users\26491\.m2\repository\com\jayway\jsonpath\json-path\2.4.0\json-path-2.4.0.jar;C:\Users\26491\.m2\repository\net\minidev\json-smart\2.3\json-smart-2.3.jar;C:\Users\26491\.m2\repository\net\minidev\accessors-smart\1.2\accessors-smart-1.2.jar;C:\Users\26491\.m2\repository\org\ow2\asm\asm\5.0.4\asm-5.0.4.jar;C:\Users\26491\.m2\repository\jakarta\xml\bind\jakarta.xml.bind-api\2.3.3\jakarta.xml.bind-api-2.3.3.jar;C:\Users\26491\.m2\repository\jakarta\activation\jakarta.activation-api\1.2.2\jakarta.activation-api-1.2.2.jar;C:\Users\26491\.m2\repository\org\assertj\assertj-core\3.16.1\assertj-core-3.16.1.jar;C:\Users\26491\.m2\repository\org\hamcrest\hamcrest\2.2\hamcrest-2.2.jar;C:\Users\26491\.m2\repository\org\junit\jupiter\junit-jupiter\5.6.2\junit-jupiter-5.6.2.jar;C:\Users\26491\.m2\repository\org\junit\jupiter\junit-jupiter-api\5.6.2\junit-jupiter-api-5.6.2.jar;C:\Users\26491\.m2\repository\org\opentest4j\opentest4j\1.2.0\opentest4j-1.2.0.jar;C:\Users\26491\.m2\repository\org\junit\platform\junit-platform-commons\1.6.2\junit-platform-commons-1.6.2.jar;C:\Users\26491\.m2\repository\org\junit\jupiter\junit-jupiter-params\5.6.2\junit-jupiter-params-5.6.2.jar;C:\Users\26491\.m2\repository\org\junit\jupiter\junit-jupiter-engine\5.6.2\junit-jupiter-engine-5.6.2.jar;C:\Users\26491\.m2\repository\org\junit\vintage\junit-vintage-engine\5.6.2\junit-vintage-engine-5.6.2.jar;C:\Users\26491\.m2\repository\org\apiguardian\apiguardian-api\1.1.0\apiguardian-api-1.1.0.jar;C:\Users\26491\.m2\repository\org\junit\platform\junit-platform-engine\1.6.2\junit-platform-engine-1.6.2.jar;C:\Users\26491\.m2\repository\junit\junit\4.13\junit-4.13.jar;C:\Users\26491\.m2\repository\org\mockito\mockito-core\3.3.3\mockito-core-3.3.3.jar;C:\Users\26491\.m2\repository\net\bytebuddy\byte-buddy\1.10.14\byte-buddy-1.10.14.jar;C:\Users\26491\.m2\repository\net\bytebuddy\byte-buddy-agent\1.10.14\byte-buddy-agent-1.10.14.jar;C:\Users\26491\.m2\repository\org\objenesis\objenesis\2.6\objenesis-2.6.jar;C:\Users\26491\.m2\repository\org\mockito\mockito-junit-jupiter\3.3.3\mockito-junit-jupiter-3.3.3.jar;C:\Users\26491\.m2\repository\org\skyscreamer\jsonassert\1.5.0\jsonassert-1.5.0.jar;C:\Users\26491\.m2\repository\com\vaadin\external\google\android-json\0.0.20131108.vaadin1\android-json-0.0.20131108.vaadin1.jar;C:\Users\26491\.m2\repository\org\springframework\spring-core\5.2.8.RELEASE\spring-core-5.2.8.RELEASE.jar;C:\Users\26491\.m2\repository\org\springframework\spring-jcl\5.2.8.RELEASE\spring-jcl-5.2.8.RELEASE.jar;C:\Users\26491\.m2\repository\org\springframework\spring-test\5.2.8.RELEASE\spring-test-5.2.8.RELEASE.jar;C:\Users\26491\.m2\repository\org\xmlunit\xmlunit-core\2.7.0\xmlunit-core-2.7.0.jar;"/>
    <property name="java.vm.vendor" value="Oracle Corporation"/>
    <property name="sun.arch.data.model" value="64"/>
    <property name="user.variant" value=""/>
    <property name="java.vendor.url" value="https://java.oracle.com/"/>
    <property name="user.timezone" value="Asia/Shanghai"/>
    <property name="os.name" value="Windows 10"/>
    <property name="java.vm.specification.version" value="12"/>
    <property name="sun.java.launcher" value="SUN_STANDARD"/>
    <property name="user.country" value="CN"/>
    <property name="sun.boot.library.path" value="G:\Java\bin"/>
    <property name="sun.java.command" value="C:\Users\26491\AppData\Local\Temp\surefire1375188763353344988\surefirebooter7348253081278911876.jar C:\Users\26491\AppData\Local\Temp\surefire1375188763353344988 2020-11-15T22-22-12_770-jvmRun1 surefire11530469909506767187tmp surefire_01290500756761050560tmp"/>
    <property name="jdk.debug" value="release"/>
    <property name="surefire.test.class.path" value="E:\大三Java\LabManagementSystem\target\test-classes;E:\大三Java\LabManagementSystem\target\classes;C:\Users\26491\.m2\repository\commons-fileupload\commons-fileupload\1.3.1\commons-fileupload-1.3.1.jar;C:\Users\26491\.m2\repository\commons-io\commons-io\2.4\commons-io-2.4.jar;C:\Users\26491\.m2\repository\commons-net\commons-net\3.3\commons-net-3.3.jar;C:\Users\26491\.m2\repository\com\github\pagehelper\pagehelper-spring-boot-starter\1.2.5\pagehelper-spring-boot-starter-1.2.5.jar;C:\Users\26491\.m2\repository\org\springframework\boot\spring-boot-starter\2.3.3.RELEASE\spring-boot-starter-2.3.3.RELEASE.jar;C:\Users\26491\.m2\repository\org\springframework\boot\spring-boot\2.3.3.RELEASE\spring-boot-2.3.3.RELEASE.jar;C:\Users\26491\.m2\repository\org\springframework\boot\spring-boot-starter-logging\2.3.3.RELEASE\spring-boot-starter-logging-2.3.3.RELEASE.jar;C:\Users\26491\.m2\repository\ch\qos\logback\logback-classic\1.2.3\logback-classic-1.2.3.jar;C:\Users\26491\.m2\repository\ch\qos\logback\logback-core\1.2.3\logback-core-1.2.3.jar;C:\Users\26491\.m2\repository\org\apache\logging\log4j\log4j-to-slf4j\2.13.3\log4j-to-slf4j-2.13.3.jar;C:\Users\26491\.m2\repository\org\slf4j\jul-to-slf4j\1.7.30\jul-to-slf4j-1.7.30.jar;C:\Users\26491\.m2\repository\jakarta\annotation\jakarta.annotation-api\1.3.5\jakarta.annotation-api-1.3.5.jar;C:\Users\26491\.m2\repository\org\yaml\snakeyaml\1.26\snakeyaml-1.26.jar;C:\Users\26491\.m2\repository\com\github\pagehelper\pagehelper-spring-boot-autoconfigure\1.2.5\pagehelper-spring-boot-autoconfigure-1.2.5.jar;C:\Users\26491\.m2\repository\com\github\pagehelper\pagehelper\5.1.4\pagehelper-5.1.4.jar;C:\Users\26491\.m2\repository\com\github\jsqlparser\jsqlparser\1.0\jsqlparser-1.0.jar;C:\Users\26491\.m2\repository\org\springframework\boot\spring-boot-starter-mail\2.3.3.RELEASE\spring-boot-starter-mail-2.3.3.RELEASE.jar;C:\Users\26491\.m2\repository\org\springframework\spring-context-support\5.2.8.RELEASE\spring-context-support-5.2.8.RELEASE.jar;C:\Users\26491\.m2\repository\org\springframework\spring-beans\5.2.8.RELEASE\spring-beans-5.2.8.RELEASE.jar;C:\Users\26491\.m2\repository\org\springframework\spring-context\5.2.8.RELEASE\spring-context-5.2.8.RELEASE.jar;C:\Users\26491\.m2\repository\com\sun\mail\jakarta.mail\1.6.5\jakarta.mail-1.6.5.jar;C:\Users\26491\.m2\repository\com\sun\activation\jakarta.activation\1.2.2\jakarta.activation-1.2.2.jar;C:\Users\26491\.m2\repository\org\apache\logging\log4j\log4j-core\2.13.3\log4j-core-2.13.3.jar;C:\Users\26491\.m2\repository\org\apache\logging\log4j\log4j-api\2.13.3\log4j-api-2.13.3.jar;C:\Users\26491\.m2\repository\net\ipip\ipdb\1.1.3\ipdb-1.1.3.jar;C:\Users\26491\.m2\repository\com\alibaba\fastjson\1.2.60\fastjson-1.2.60.jar;C:\Users\26491\.m2\repository\org\projectlombok\lombok\1.18.12\lombok-1.18.12.jar;C:\Users\26491\.m2\repository\org\apache\shiro\shiro-web\1.5.2\shiro-web-1.5.2.jar;C:\Users\26491\.m2\repository\org\owasp\encoder\encoder\1.2.2\encoder-1.2.2.jar;C:\Users\26491\.m2\repository\org\apache\shiro\shiro-spring\1.5.2\shiro-spring-1.5.2.jar;C:\Users\26491\.m2\repository\org\apache\shiro\shiro-ehcache\1.5.2\shiro-ehcache-1.5.2.jar;C:\Users\26491\.m2\repository\org\apache\shiro\shiro-cache\1.5.2\shiro-cache-1.5.2.jar;C:\Users\26491\.m2\repository\net\sf\ehcache\ehcache-core\2.6.11\ehcache-core-2.6.11.jar;C:\Users\26491\.m2\repository\org\slf4j\slf4j-api\1.7.30\slf4j-api-1.7.30.jar;C:\Users\26491\.m2\repository\org\apache\shiro\shiro-core\1.5.2\shiro-core-1.5.2.jar;C:\Users\26491\.m2\repository\org\apache\shiro\shiro-lang\1.5.2\shiro-lang-1.5.2.jar;C:\Users\26491\.m2\repository\org\apache\shiro\shiro-crypto-hash\1.5.2\shiro-crypto-hash-1.5.2.jar;C:\Users\26491\.m2\repository\org\apache\shiro\shiro-crypto-core\1.5.2\shiro-crypto-core-1.5.2.jar;C:\Users\26491\.m2\repository\org\apache\shiro\shiro-crypto-cipher\1.5.2\shiro-crypto-cipher-1.5.2.jar;C:\Users\26491\.m2\repository\org\apache\shiro\shiro-config-core\1.5.2\shiro-config-core-1.5.2.jar;C:\Users\26491\.m2\repository\org\apache\shiro\shiro-config-ogdl\1.5.2\shiro-config-ogdl-1.5.2.jar;C:\Users\26491\.m2\repository\commons-beanutils\commons-beanutils\1.9.4\commons-beanutils-1.9.4.jar;C:\Users\26491\.m2\repository\commons-collections\commons-collections\3.2.2\commons-collections-3.2.2.jar;C:\Users\26491\.m2\repository\org\apache\shiro\shiro-event\1.5.2\shiro-event-1.5.2.jar;C:\Users\26491\.m2\repository\org\springframework\boot\spring-boot-starter-thymeleaf\2.3.3.RELEASE\spring-boot-starter-thymeleaf-2.3.3.RELEASE.jar;C:\Users\26491\.m2\repository\org\thymeleaf\thymeleaf-spring5\3.0.11.RELEASE\thymeleaf-spring5-3.0.11.RELEASE.jar;C:\Users\26491\.m2\repository\org\thymeleaf\thymeleaf\3.0.11.RELEASE\thymeleaf-3.0.11.RELEASE.jar;C:\Users\26491\.m2\repository\org\attoparser\attoparser\2.0.5.RELEASE\attoparser-2.0.5.RELEASE.jar;C:\Users\26491\.m2\repository\org\unbescape\unbescape\1.1.6.RELEASE\unbescape-1.1.6.RELEASE.jar;C:\Users\26491\.m2\repository\org\thymeleaf\extras\thymeleaf-extras-java8time\3.0.4.RELEASE\thymeleaf-extras-java8time-3.0.4.RELEASE.jar;C:\Users\26491\.m2\repository\org\springframework\boot\spring-boot-starter-web\2.3.3.RELEASE\spring-boot-starter-web-2.3.3.RELEASE.jar;C:\Users\26491\.m2\repository\org\springframework\boot\spring-boot-starter-json\2.3.3.RELEASE\spring-boot-starter-json-2.3.3.RELEASE.jar;C:\Users\26491\.m2\repository\com\fasterxml\jackson\core\jackson-databind\2.11.2\jackson-databind-2.11.2.jar;C:\Users\26491\.m2\repository\com\fasterxml\jackson\core\jackson-annotations\2.11.2\jackson-annotations-2.11.2.jar;C:\Users\26491\.m2\repository\com\fasterxml\jackson\core\jackson-core\2.11.2\jackson-core-2.11.2.jar;C:\Users\26491\.m2\repository\com\fasterxml\jackson\datatype\jackson-datatype-jdk8\2.11.2\jackson-datatype-jdk8-2.11.2.jar;C:\Users\26491\.m2\repository\com\fasterxml\jackson\datatype\jackson-datatype-jsr310\2.11.2\jackson-datatype-jsr310-2.11.2.jar;C:\Users\26491\.m2\repository\com\fasterxml\jackson\module\jackson-module-parameter-names\2.11.2\jackson-module-parameter-names-2.11.2.jar;C:\Users\26491\.m2\repository\org\springframework\boot\spring-boot-starter-tomcat\2.3.3.RELEASE\spring-boot-starter-tomcat-2.3.3.RELEASE.jar;C:\Users\26491\.m2\repository\org\apache\tomcat\embed\tomcat-embed-core\9.0.37\tomcat-embed-core-9.0.37.jar;C:\Users\26491\.m2\repository\org\glassfish\jakarta.el\3.0.3\jakarta.el-3.0.3.jar;C:\Users\26491\.m2\repository\org\apache\tomcat\embed\tomcat-embed-websocket\9.0.37\tomcat-embed-websocket-9.0.37.jar;C:\Users\26491\.m2\repository\org\springframework\spring-web\5.2.8.RELEASE\spring-web-5.2.8.RELEASE.jar;C:\Users\26491\.m2\repository\org\springframework\spring-webmvc\5.2.8.RELEASE\spring-webmvc-5.2.8.RELEASE.jar;C:\Users\26491\.m2\repository\org\springframework\spring-aop\5.2.8.RELEASE\spring-aop-5.2.8.RELEASE.jar;C:\Users\26491\.m2\repository\org\springframework\spring-expression\5.2.8.RELEASE\spring-expression-5.2.8.RELEASE.jar;C:\Users\26491\.m2\repository\org\springframework\boot\spring-boot-starter-web-services\2.3.3.RELEASE\spring-boot-starter-web-services-2.3.3.RELEASE.jar;C:\Users\26491\.m2\repository\com\sun\xml\messaging\saaj\saaj-impl\1.5.2\saaj-impl-1.5.2.jar;C:\Users\26491\.m2\repository\jakarta\xml\soap\jakarta.xml.soap-api\1.4.2\jakarta.xml.soap-api-1.4.2.jar;C:\Users\26491\.m2\repository\org\jvnet\staxex\stax-ex\1.8.3\stax-ex-1.8.3.jar;C:\Users\26491\.m2\repository\jakarta\xml\ws\jakarta.xml.ws-api\2.3.3\jakarta.xml.ws-api-2.3.3.jar;C:\Users\26491\.m2\repository\jakarta\jws\jakarta.jws-api\2.1.0\jakarta.jws-api-2.1.0.jar;C:\Users\26491\.m2\repository\org\springframework\spring-oxm\5.2.8.RELEASE\spring-oxm-5.2.8.RELEASE.jar;C:\Users\26491\.m2\repository\org\springframework\ws\spring-ws-core\3.0.9.RELEASE\spring-ws-core-3.0.9.RELEASE.jar;C:\Users\26491\.m2\repository\org\springframework\ws\spring-xml\3.0.9.RELEASE\spring-xml-3.0.9.RELEASE.jar;C:\Users\26491\.m2\repository\com\baomidou\mybatis-plus-boot-starter\3.3.1.tmp\mybatis-plus-boot-starter-3.3.1.tmp.jar;C:\Users\26491\.m2\repository\com\baomidou\mybatis-plus\3.3.1.tmp\mybatis-plus-3.3.1.tmp.jar;C:\Users\26491\.m2\repository\com\baomidou\mybatis-plus-extension\3.3.1.tmp\mybatis-plus-extension-3.3.1.tmp.jar;C:\Users\26491\.m2\repository\com\baomidou\mybatis-plus-core\3.3.1.tmp\mybatis-plus-core-3.3.1.tmp.jar;C:\Users\26491\.m2\repository\com\baomidou\mybatis-plus-annotation\3.3.1.tmp\mybatis-plus-annotation-3.3.1.tmp.jar;C:\Users\26491\.m2\repository\org\springframework\boot\spring-boot-autoconfigure\2.3.3.RELEASE\spring-boot-autoconfigure-2.3.3.RELEASE.jar;C:\Users\26491\.m2\repository\org\springframework\boot\spring-boot-starter-jdbc\2.3.3.RELEASE\spring-boot-starter-jdbc-2.3.3.RELEASE.jar;C:\Users\26491\.m2\repository\com\zaxxer\HikariCP\3.4.5\HikariCP-3.4.5.jar;C:\Users\26491\.m2\repository\org\springframework\spring-jdbc\5.2.8.RELEASE\spring-jdbc-5.2.8.RELEASE.jar;C:\Users\26491\.m2\repository\org\springframework\spring-tx\5.2.8.RELEASE\spring-tx-5.2.8.RELEASE.jar;C:\Users\26491\.m2\repository\org\mybatis\spring\boot\mybatis-spring-boot-starter\2.1.3\mybatis-spring-boot-starter-2.1.3.jar;C:\Users\26491\.m2\repository\org\mybatis\spring\boot\mybatis-spring-boot-autoconfigure\2.1.3\mybatis-spring-boot-autoconfigure-2.1.3.jar;C:\Users\26491\.m2\repository\org\mybatis\mybatis\3.5.5\mybatis-3.5.5.jar;C:\Users\26491\.m2\repository\org\mybatis\mybatis-spring\2.0.5\mybatis-spring-2.0.5.jar;C:\Users\26491\.m2\repository\mysql\mysql-connector-java\8.0.21\mysql-connector-java-8.0.21.jar;C:\Users\26491\.m2\repository\org\springframework\boot\spring-boot-starter-test\2.3.3.RELEASE\spring-boot-starter-test-2.3.3.RELEASE.jar;C:\Users\26491\.m2\repository\org\springframework\boot\spring-boot-test\2.3.3.RELEASE\spring-boot-test-2.3.3.RELEASE.jar;C:\Users\26491\.m2\repository\org\springframework\boot\spring-boot-test-autoconfigure\2.3.3.RELEASE\spring-boot-test-autoconfigure-2.3.3.RELEASE.jar;C:\Users\26491\.m2\repository\com\jayway\jsonpath\json-path\2.4.0\json-path-2.4.0.jar;C:\Users\26491\.m2\repository\net\minidev\json-smart\2.3\json-smart-2.3.jar;C:\Users\26491\.m2\repository\net\minidev\accessors-smart\1.2\accessors-smart-1.2.jar;C:\Users\26491\.m2\repository\org\ow2\asm\asm\5.0.4\asm-5.0.4.jar;C:\Users\26491\.m2\repository\jakarta\xml\bind\jakarta.xml.bind-api\2.3.3\jakarta.xml.bind-api-2.3.3.jar;C:\Users\26491\.m2\repository\jakarta\activation\jakarta.activation-api\1.2.2\jakarta.activation-api-1.2.2.jar;C:\Users\26491\.m2\repository\org\assertj\assertj-core\3.16.1\assertj-core-3.16.1.jar;C:\Users\26491\.m2\repository\org\hamcrest\hamcrest\2.2\hamcrest-2.2.jar;C:\Users\26491\.m2\repository\org\junit\jupiter\junit-jupiter\5.6.2\junit-jupiter-5.6.2.jar;C:\Users\26491\.m2\repository\org\junit\jupiter\junit-jupiter-api\5.6.2\junit-jupiter-api-5.6.2.jar;C:\Users\26491\.m2\repository\org\opentest4j\opentest4j\1.2.0\opentest4j-1.2.0.jar;C:\Users\26491\.m2\repository\org\junit\platform\junit-platform-commons\1.6.2\junit-platform-commons-1.6.2.jar;C:\Users\26491\.m2\repository\org\junit\jupiter\junit-jupiter-params\5.6.2\junit-jupiter-params-5.6.2.jar;C:\Users\26491\.m2\repository\org\junit\jupiter\junit-jupiter-engine\5.6.2\junit-jupiter-engine-5.6.2.jar;C:\Users\26491\.m2\repository\org\junit\vintage\junit-vintage-engine\5.6.2\junit-vintage-engine-5.6.2.jar;C:\Users\26491\.m2\repository\org\apiguardian\apiguardian-api\1.1.0\apiguardian-api-1.1.0.jar;C:\Users\26491\.m2\repository\org\junit\platform\junit-platform-engine\1.6.2\junit-platform-engine-1.6.2.jar;C:\Users\26491\.m2\repository\junit\junit\4.13\junit-4.13.jar;C:\Users\26491\.m2\repository\org\mockito\mockito-core\3.3.3\mockito-core-3.3.3.jar;C:\Users\26491\.m2\repository\net\bytebuddy\byte-buddy\1.10.14\byte-buddy-1.10.14.jar;C:\Users\26491\.m2\repository\net\bytebuddy\byte-buddy-agent\1.10.14\byte-buddy-agent-1.10.14.jar;C:\Users\26491\.m2\repository\org\objenesis\objenesis\2.6\objenesis-2.6.jar;C:\Users\26491\.m2\repository\org\mockito\mockito-junit-jupiter\3.3.3\mockito-junit-jupiter-3.3.3.jar;C:\Users\26491\.m2\repository\org\skyscreamer\jsonassert\1.5.0\jsonassert-1.5.0.jar;C:\Users\26491\.m2\repository\com\vaadin\external\google\android-json\0.0.20131108.vaadin1\android-json-0.0.20131108.vaadin1.jar;C:\Users\26491\.m2\repository\org\springframework\spring-core\5.2.8.RELEASE\spring-core-5.2.8.RELEASE.jar;C:\Users\26491\.m2\repository\org\springframework\spring-jcl\5.2.8.RELEASE\spring-jcl-5.2.8.RELEASE.jar;C:\Users\26491\.m2\repository\org\springframework\spring-test\5.2.8.RELEASE\spring-test-5.2.8.RELEASE.jar;C:\Users\26491\.m2\repository\org\xmlunit\xmlunit-core\2.7.0\xmlunit-core-2.7.0.jar;"/>
    <property name="sun.cpu.endian" value="little"/>
    <property name="user.home" value="C:\Users\26491"/>
    <property name="user.language" value="zh"/>
    <property name="java.specification.vendor" value="Oracle Corporation"/>
    <property name="java.version.date" value="2019-03-19"/>
    <property name="java.home" value="G:\Java"/>
    <property name="file.separator" value="\"/>
    <property name="basedir" value="E:\大三Java\LabManagementSystem"/>
    <property name="java.vm.compressedOopsMode" value="Zero based"/>
    <property name="line.separator" value="&#10;"/>
    <property name="java.vm.specification.vendor" value="Oracle Corporation"/>
    <property name="java.specification.name" value="Java Platform API Specification"/>
    <property name="java.awt.graphicsenv" value="sun.awt.Win32GraphicsEnvironment"/>
    <property name="surefire.real.class.path" value="C:\Users\26491\AppData\Local\Temp\surefire1375188763353344988\surefirebooter7348253081278911876.jar"/>
    <property name="user.script" value=""/>
    <property name="sun.management.compiler" value="HotSpot 64-Bit Tiered Compilers"/>
    <property name="java.runtime.version" value="12+33"/>
    <property name="user.name" value="26491"/>
    <property name="path.separator" value=";"/>
    <property name="os.version" value="10.0"/>
    <property name="java.runtime.name" value="Java(TM) SE Runtime Environment"/>
    <property name="file.encoding" value="GBK"/>
    <property name="java.vm.name" value="Java HotSpot(TM) 64-Bit Server VM"/>
    <property name="localRepository" value="C:\Users\26491\.m2\repository"/>
    <property name="java.vendor.url.bug" value="https://bugreport.java.com/bugreport/"/>
    <property name="java.io.tmpdir" value="C:\Users\26491\AppData\Local\Temp\"/>
    <property name="java.version" value="12"/>
    <property name="user.dir" value="E:\大三Java\LabManagementSystem"/>
    <property name="os.arch" value="amd64"/>
    <property name="java.vm.specification.name" value="Java Virtual Machine Specification"/>
    <property name="sun.os.patch.level" value=""/>
    <property name="idea.version2019.1.1" value="true"/>
    <property name="java.library.path" value="G:\Java\bin;C:\WINDOWS\Sun\Java\bin;C:\WINDOWS\system32;C:\WINDOWS;G:\Dev-Cpp\MinGW64\bin;C:\Windows\system32;C:\Windows;C:\Windows\System32\Wbem;C:\Windows\System32\WindowsPowerShell\v1.0\;C:\Program Files (x86)\NVIDIA Corporation\PhysX\Common;C:\Program Files\NVIDIA Corporation\NVIDIA NvDLISR;C:\WINDOWS\system32;C:\WINDOWS;C:\WINDOWS\System32\Wbem;C:\WINDOWS\System32\WindowsPowerShell\v1.0\;C:\WINDOWS\System32\OpenSSH\;G:\Git\cmd;C:\Program Files (x86)\Microsoft SQL Server\140\Tools\Binn\;C:\Program Files\Microsoft SQL Server\140\Tools\Binn\;C:\Program Files (x86)\Microsoft SQL Server\140\DTS\Binn\;C:\Program Files\Microsoft SQL Server\140\DTS\Binn\;C:\Program Files\Microsoft SQL Server\Client SDK\ODBC\130\Tools\Binn\;&quot;E:\JSP\apache-tomcat-8.5.47\apache-tomcat-8.5.47\bin;E:\JSP\apache-tomcat-8.5.47\apache-tomcat-8.5.47\lib&quot;;&quot;G:\Java\bin;G:\Java\jre\bin;&quot;;E:\Maven\apache-maven-3.3.9\apache-maven-3.3.9\bin&quot;;E:\flutter_windows_1.20.3-stable\flutter\bin;C:\Users\26491\AppData\Local\Programs\Python\Python37\Scripts\;C:\Users\26491\AppData\Local\Programs\Python\Python37\;C:\Users\26491\AppData\Local\Microsoft\WindowsApps;C:\Users\26491\AppData\Local\GitHubDesktop\bin;C:\Users\26491\AppData\Local\Microsoft\WindowsApps;&quot;E:\JSP\apache-tomcat-8.5.47\apache-tomcat-8.5.47\bin;E:\JSP\apache-tomcat-8.5.47\apache-tomcat-8.5.47\lib&quot;;D:\CLion 2019.2.4\bin;;&quot;;E:\Maven\apache-maven-3.3.9\apache-maven-3.3.9\bin&quot;;;."/>
    <property name="java.vm.info" value="mixed mode, sharing"/>
    <property name="java.vendor" value="Oracle Corporation"/>
    <property name="java.vm.version" value="12+33"/>
    <property name="sun.io.unicode.encoding" value="UnicodeLittle"/>
    <property name="java.class.version" value="56.0"/>
  </properties>
  <testcase name="contextLoads" classname="com.iotdreamclub.demo.DemoApplicationTests" time="0.725"/>
</testsuite>